2024-01-28 11:09:20.534  INFO 29836 --- [main] c.shopme.admin.ShopmeBackEndApplication  : Starting ShopmeBackEndApplication using Java 17.0.9 on LAPTOP-SFN6PPMV with PID 29836 (C:\Project\java\ShopmeEcommerce\ShopmeProject\ShopmeWebParent\ShopmeBackEnd\target\classes started by meiou in C:\Project\java\ShopmeEcommerce\ShopmeProject\ShopmeWebParent\ShopmeBackEnd)
2024-01-28 11:09:20.536  INFO 29836 --- [main] c.shopme.admin.ShopmeBackEndApplication  : No active profile set, falling back to default profiles: default
2024-01-28 11:09:21.077  INFO 29836 --- [main] .s.d.r.c.RepositoryConfigurationDelegate : Bootstrapping Spring Data JPA repositories in DEFAULT mode.
2024-01-28 11:09:21.127  INFO 29836 --- [main] .s.d.r.c.RepositoryConfigurationDelegate : Finished Spring Data repository scanning in 42 ms. Found 2 JPA repository interfaces.
2024-01-28 11:09:21.595  INFO 29836 --- [main] o.s.b.w.embedded.tomcat.TomcatWebServer  : Tomcat initialized with port(s): 8080 (http)
2024-01-28 11:09:21.606  INFO 29836 --- [main] o.apache.catalina.core.StandardService   : Starting service [Tomcat]
2024-01-28 11:09:21.607  INFO 29836 --- [main] org.apache.catalina.core.StandardEngine  : Starting Servlet engine: [Apache Tomcat/9.0.41]
2024-01-28 11:09:21.688  INFO 29836 --- [main] o.a.c.c.C.[.[localhost].[/ShopmeAdmin]   : Initializing Spring embedded WebApplicationContext
2024-01-28 11:09:21.689  INFO 29836 --- [main] w.s.c.ServletWebServerApplicationContext : Root WebApplicationContext: initialization completed in 1110 ms
2024-01-28 11:09:21.855  INFO 29836 --- [main] o.hibernate.jpa.internal.util.LogHelper  : HHH000204: Processing PersistenceUnitInfo [name: default]
2024-01-28 11:09:21.904  INFO 29836 --- [main] org.hibernate.Version                    : HHH000412: Hibernate ORM core version 5.4.25.Final
2024-01-28 11:09:22.033  INFO 29836 --- [main] o.hibernate.annotations.common.Version   : HCANN000001: Hibernate Commons Annotations {5.1.2.Final}
2024-01-28 11:09:22.124  INFO 29836 --- [main] com.zaxxer.hikari.HikariDataSource       : HikariPool-1 - Starting...
2024-01-28 11:09:22.283  INFO 29836 --- [main] com.zaxxer.hikari.HikariDataSource       : HikariPool-1 - Start completed.
2024-01-28 11:09:22.297  INFO 29836 --- [main] org.hibernate.dialect.Dialect            : HHH000400: Using dialect: org.hibernate.dialect.MySQL5Dialect
2024-01-28 11:09:22.957  INFO 29836 --- [main] o.h.e.t.j.p.i.JtaPlatformInitiator       : HHH000490: Using JtaPlatform implementation: [org.hibernate.engine.transaction.jta.platform.internal.NoJtaPlatform]
2024-01-28 11:09:22.967  INFO 29836 --- [main] j.LocalContainerEntityManagerFactoryBean : Initialized JPA EntityManagerFactory for persistence unit 'default'
2024-01-28 11:09:23.026  WARN 29836 --- [main] JpaBaseConfiguration$JpaWebConfiguration : spring.jpa.open-in-view is enabled by default. Therefore, database queries may be performed during view rendering. Explicitly configure spring.jpa.open-in-view to disable this warning
2024-01-28 11:09:23.520  INFO 29836 --- [main] o.s.s.web.DefaultSecurityFilterChain     : Will secure Ant [pattern='/images/**'] with []
2024-01-28 11:09:23.521  INFO 29836 --- [main] o.s.s.web.DefaultSecurityFilterChain     : Will secure Ant [pattern='/js/**'] with []
2024-01-28 11:09:23.521  INFO 29836 --- [main] o.s.s.web.DefaultSecurityFilterChain     : Will secure Ant [pattern='/webjars/**'] with []
2024-01-28 11:09:23.551  INFO 29836 --- [main] o.s.s.web.DefaultSecurityFilterChain     : Will secure any request with [org.springframework.security.web.context.request.async.WebAsyncManagerIntegrationFilter@2941631f, org.springframework.security.web.context.SecurityContextPersistenceFilter@1a73f3d1, org.springframework.security.web.header.HeaderWriterFilter@222eda8a, org.springframework.security.web.csrf.CsrfFilter@4056cdb2, org.springframework.security.web.authentication.logout.LogoutFilter@13ae87a6, org.springframework.security.web.authentication.UsernamePasswordAuthenticationFilter@15aaf7b1, org.springframework.security.web.savedrequest.RequestCacheAwareFilter@23cfdfa2, org.springframework.security.web.servletapi.SecurityContextHolderAwareRequestFilter@76eee0b1, org.springframework.security.web.authentication.rememberme.RememberMeAuthenticationFilter@25e24908, org.springframework.security.web.authentication.AnonymousAuthenticationFilter@6130a6f5, org.springframework.security.web.session.SessionManagementFilter@c414eb3, org.springframework.security.web.access.ExceptionTranslationFilter@10b5ff4d, org.springframework.security.web.access.intercept.FilterSecurityInterceptor@3696d12d]
2024-01-28 11:09:23.639  INFO 29836 --- [main] o.s.s.concurrent.ThreadPoolTaskExecutor  : Initializing ExecutorService 'applicationTaskExecutor'
2024-01-28 11:09:23.722  INFO 29836 --- [main] o.s.b.a.w.s.WelcomePageHandlerMapping    : Adding welcome page template: index
2024-01-28 11:09:24.082  INFO 29836 --- [main] o.s.b.w.embedded.tomcat.TomcatWebServer  : Tomcat started on port(s): 8080 (http) with context path '/ShopmeAdmin'
2024-01-28 11:09:24.088  INFO 29836 --- [main] c.shopme.admin.ShopmeBackEndApplication  : Started ShopmeBackEndApplication in 3.892 seconds (JVM running for 4.47)
2024-01-28 11:10:05.137  INFO 29836 --- [RMI TCP Connection(10)-127.0.0.1] inMXBeanRegistrar$SpringApplicationAdmin : Application shutdown requested.
2024-01-28 11:10:05.165  INFO 29836 --- [RMI TCP Connection(10)-127.0.0.1] o.s.s.concurrent.ThreadPoolTaskExecutor  : Shutting down ExecutorService 'applicationTaskExecutor'
2024-01-28 11:10:05.168  INFO 29836 --- [RMI TCP Connection(10)-127.0.0.1] j.LocalContainerEntityManagerFactoryBean : Closing JPA EntityManagerFactory for persistence unit 'default'
2024-01-28 11:10:05.171  INFO 29836 --- [RMI TCP Connection(10)-127.0.0.1] com.zaxxer.hikari.HikariDataSource       : HikariPool-1 - Shutdown initiated...
2024-01-28 11:10:05.178  INFO 29836 --- [RMI TCP Connection(10)-127.0.0.1] com.zaxxer.hikari.HikariDataSource       : HikariPool-1 - Shutdown completed.
2024-01-28 11:10:10.502  INFO 10316 --- [main] c.shopme.admin.ShopmeBackEndApplication  : Starting ShopmeBackEndApplication using Java 17.0.9 on LAPTOP-SFN6PPMV with PID 10316 (C:\Project\java\ShopmeEcommerce\ShopmeProject\ShopmeWebParent\ShopmeBackEnd\target\classes started by meiou in C:\Project\java\ShopmeEcommerce\ShopmeProject\ShopmeWebParent\ShopmeBackEnd)
2024-01-28 11:10:10.505  INFO 10316 --- [main] c.shopme.admin.ShopmeBackEndApplication  : No active profile set, falling back to default profiles: default
2024-01-28 11:10:11.107  INFO 10316 --- [main] .s.d.r.c.RepositoryConfigurationDelegate : Bootstrapping Spring Data JPA repositories in DEFAULT mode.
2024-01-28 11:10:11.162  INFO 10316 --- [main] .s.d.r.c.RepositoryConfigurationDelegate : Finished Spring Data repository scanning in 47 ms. Found 2 JPA repository interfaces.
2024-01-28 11:10:11.651  INFO 10316 --- [main] o.s.b.w.embedded.tomcat.TomcatWebServer  : Tomcat initialized with port(s): 8080 (http)
2024-01-28 11:10:11.660  INFO 10316 --- [main] o.apache.catalina.core.StandardService   : Starting service [Tomcat]
2024-01-28 11:10:11.660  INFO 10316 --- [main] org.apache.catalina.core.StandardEngine  : Starting Servlet engine: [Apache Tomcat/9.0.41]
2024-01-28 11:10:11.760  INFO 10316 --- [main] o.a.c.c.C.[.[localhost].[/ShopmeAdmin]   : Initializing Spring embedded WebApplicationContext
2024-01-28 11:10:11.761  INFO 10316 --- [main] w.s.c.ServletWebServerApplicationContext : Root WebApplicationContext: initialization completed in 1211 ms
2024-01-28 11:10:11.941  INFO 10316 --- [main] o.hibernate.jpa.internal.util.LogHelper  : HHH000204: Processing PersistenceUnitInfo [name: default]
2024-01-28 11:10:11.990  INFO 10316 --- [main] org.hibernate.Version                    : HHH000412: Hibernate ORM core version 5.4.25.Final
2024-01-28 11:10:12.172  INFO 10316 --- [main] o.hibernate.annotations.common.Version   : HCANN000001: Hibernate Commons Annotations {5.1.2.Final}
2024-01-28 11:10:12.285  INFO 10316 --- [main] com.zaxxer.hikari.HikariDataSource       : HikariPool-1 - Starting...
2024-01-28 11:10:12.452  INFO 10316 --- [main] com.zaxxer.hikari.HikariDataSource       : HikariPool-1 - Start completed.
2024-01-28 11:10:12.466  INFO 10316 --- [main] org.hibernate.dialect.Dialect            : HHH000400: Using dialect: org.hibernate.dialect.MySQL5Dialect
2024-01-28 11:10:13.199  INFO 10316 --- [main] o.h.e.t.j.p.i.JtaPlatformInitiator       : HHH000490: Using JtaPlatform implementation: [org.hibernate.engine.transaction.jta.platform.internal.NoJtaPlatform]
2024-01-28 11:10:13.210  INFO 10316 --- [main] j.LocalContainerEntityManagerFactoryBean : Initialized JPA EntityManagerFactory for persistence unit 'default'
2024-01-28 11:10:13.280  WARN 10316 --- [main] JpaBaseConfiguration$JpaWebConfiguration : spring.jpa.open-in-view is enabled by default. Therefore, database queries may be performed during view rendering. Explicitly configure spring.jpa.open-in-view to disable this warning
2024-01-28 11:10:13.816  INFO 10316 --- [main] o.s.s.web.DefaultSecurityFilterChain     : Will secure Ant [pattern='/images/**'] with []
2024-01-28 11:10:13.816  INFO 10316 --- [main] o.s.s.web.DefaultSecurityFilterChain     : Will secure Ant [pattern='/js/**'] with []
2024-01-28 11:10:13.817  INFO 10316 --- [main] o.s.s.web.DefaultSecurityFilterChain     : Will secure Ant [pattern='/webjars/**'] with []
2024-01-28 11:10:13.853  INFO 10316 --- [main] o.s.s.web.DefaultSecurityFilterChain     : Will secure any request with [org.springframework.security.web.context.request.async.WebAsyncManagerIntegrationFilter@2941631f, org.springframework.security.web.context.SecurityContextPersistenceFilter@1a73f3d1, org.springframework.security.web.header.HeaderWriterFilter@222eda8a, org.springframework.security.web.csrf.CsrfFilter@4056cdb2, org.springframework.security.web.authentication.logout.LogoutFilter@13ae87a6, org.springframework.security.web.authentication.UsernamePasswordAuthenticationFilter@15aaf7b1, org.springframework.security.web.savedrequest.RequestCacheAwareFilter@23cfdfa2, org.springframework.security.web.servletapi.SecurityContextHolderAwareRequestFilter@76eee0b1, org.springframework.security.web.authentication.rememberme.RememberMeAuthenticationFilter@25e24908, org.springframework.security.web.authentication.AnonymousAuthenticationFilter@6130a6f5, org.springframework.security.web.session.SessionManagementFilter@c414eb3, org.springframework.security.web.access.ExceptionTranslationFilter@10b5ff4d, org.springframework.security.web.access.intercept.FilterSecurityInterceptor@3696d12d]
2024-01-28 11:10:13.944  INFO 10316 --- [main] o.s.s.concurrent.ThreadPoolTaskExecutor  : Initializing ExecutorService 'applicationTaskExecutor'
2024-01-28 11:10:14.037  INFO 10316 --- [main] o.s.b.a.w.s.WelcomePageHandlerMapping    : Adding welcome page template: index
2024-01-28 11:10:14.478  INFO 10316 --- [main] o.s.b.w.embedded.tomcat.TomcatWebServer  : Tomcat started on port(s): 8080 (http) with context path '/ShopmeAdmin'
2024-01-28 11:10:14.488  INFO 10316 --- [main] c.shopme.admin.ShopmeBackEndApplication  : Started ShopmeBackEndApplication in 4.336 seconds (JVM running for 4.934)
2024-01-28 12:29:48.242  WARN 10316 --- [HikariPool-1 housekeeper] com.zaxxer.hikari.pool.HikariPool        : HikariPool-1 - Thread starvation or clock leap detected (housekeeper delta=49m5s303ms831µs600ns).
2024-01-28 12:32:31.243  INFO 10316 --- [RMI TCP Connection(43)-127.0.0.1] inMXBeanRegistrar$SpringApplicationAdmin : Application shutdown requested.
2024-01-28 12:32:31.275  INFO 10316 --- [RMI TCP Connection(43)-127.0.0.1] o.s.s.concurrent.ThreadPoolTaskExecutor  : Shutting down ExecutorService 'applicationTaskExecutor'
2024-01-28 12:32:31.277  INFO 10316 --- [RMI TCP Connection(43)-127.0.0.1] j.LocalContainerEntityManagerFactoryBean : Closing JPA EntityManagerFactory for persistence unit 'default'
2024-01-28 12:32:31.279  INFO 10316 --- [RMI TCP Connection(43)-127.0.0.1] com.zaxxer.hikari.HikariDataSource       : HikariPool-1 - Shutdown initiated...
2024-01-28 12:32:31.282  INFO 10316 --- [RMI TCP Connection(43)-127.0.0.1] com.zaxxer.hikari.HikariDataSource       : HikariPool-1 - Shutdown completed.
2024-01-28 12:33:23.768  INFO 28780 --- [main] c.shopme.admin.ShopmeBackEndApplication  : Starting ShopmeBackEndApplication using Java 17.0.9 on LAPTOP-SFN6PPMV with PID 28780 (C:\Project\java\ShopmeEcommerce\ShopmeProject\ShopmeWebParent\ShopmeBackEnd\target\classes started by meiou in C:\Project\java\ShopmeEcommerce\ShopmeProject\ShopmeWebParent\ShopmeBackEnd)
2024-01-28 12:33:23.771  INFO 28780 --- [main] c.shopme.admin.ShopmeBackEndApplication  : No active profile set, falling back to default profiles: default
2024-01-28 12:33:24.575  INFO 28780 --- [main] .s.d.r.c.RepositoryConfigurationDelegate : Bootstrapping Spring Data JPA repositories in DEFAULT mode.
2024-01-28 12:33:24.656  INFO 28780 --- [main] .s.d.r.c.RepositoryConfigurationDelegate : Finished Spring Data repository scanning in 73 ms. Found 2 JPA repository interfaces.
2024-01-28 12:33:25.205  INFO 28780 --- [main] o.s.b.w.embedded.tomcat.TomcatWebServer  : Tomcat initialized with port(s): 8080 (http)
2024-01-28 12:33:25.217  INFO 28780 --- [main] o.apache.catalina.core.StandardService   : Starting service [Tomcat]
2024-01-28 12:33:25.217  INFO 28780 --- [main] org.apache.catalina.core.StandardEngine  : Starting Servlet engine: [Apache Tomcat/9.0.41]
2024-01-28 12:33:25.307  INFO 28780 --- [main] o.a.c.c.C.[.[localhost].[/ShopmeAdmin]   : Initializing Spring embedded WebApplicationContext
2024-01-28 12:33:25.307  INFO 28780 --- [main] w.s.c.ServletWebServerApplicationContext : Root WebApplicationContext: initialization completed in 1493 ms
2024-01-28 12:33:25.500  INFO 28780 --- [main] o.hibernate.jpa.internal.util.LogHelper  : HHH000204: Processing PersistenceUnitInfo [name: default]
2024-01-28 12:33:25.579  INFO 28780 --- [main] org.hibernate.Version                    : HHH000412: Hibernate ORM core version 5.4.25.Final
2024-01-28 12:33:25.765  INFO 28780 --- [main] o.hibernate.annotations.common.Version   : HCANN000001: Hibernate Commons Annotations {5.1.2.Final}
2024-01-28 12:33:25.882  INFO 28780 --- [main] com.zaxxer.hikari.HikariDataSource       : HikariPool-1 - Starting...
2024-01-28 12:33:26.047  INFO 28780 --- [main] com.zaxxer.hikari.HikariDataSource       : HikariPool-1 - Start completed.
2024-01-28 12:33:26.064  INFO 28780 --- [main] org.hibernate.dialect.Dialect            : HHH000400: Using dialect: org.hibernate.dialect.MySQL5Dialect
2024-01-28 12:33:26.857  INFO 28780 --- [main] o.h.e.t.j.p.i.JtaPlatformInitiator       : HHH000490: Using JtaPlatform implementation: [org.hibernate.engine.transaction.jta.platform.internal.NoJtaPlatform]
2024-01-28 12:33:26.866  INFO 28780 --- [main] j.LocalContainerEntityManagerFactoryBean : Initialized JPA EntityManagerFactory for persistence unit 'default'
2024-01-28 12:33:26.927  WARN 28780 --- [main] JpaBaseConfiguration$JpaWebConfiguration : spring.jpa.open-in-view is enabled by default. Therefore, database queries may be performed during view rendering. Explicitly configure spring.jpa.open-in-view to disable this warning
2024-01-28 12:33:27.491  INFO 28780 --- [main] o.s.s.web.DefaultSecurityFilterChain     : Will secure Ant [pattern='/images/**'] with []
2024-01-28 12:33:27.491  INFO 28780 --- [main] o.s.s.web.DefaultSecurityFilterChain     : Will secure Ant [pattern='/js/**'] with []
2024-01-28 12:33:27.491  INFO 28780 --- [main] o.s.s.web.DefaultSecurityFilterChain     : Will secure Ant [pattern='/webjars/**'] with []
2024-01-28 12:33:27.523  INFO 28780 --- [main] o.s.s.web.DefaultSecurityFilterChain     : Will secure any request with [org.springframework.security.web.context.request.async.WebAsyncManagerIntegrationFilter@5169db2f, org.springframework.security.web.context.SecurityContextPersistenceFilter@774189d0, org.springframework.security.web.header.HeaderWriterFilter@5d373794, org.springframework.security.web.csrf.CsrfFilter@4880a9d, org.springframework.security.web.authentication.logout.LogoutFilter@5570dc21, org.springframework.security.web.authentication.UsernamePasswordAuthenticationFilter@23119bc3, org.springframework.security.web.savedrequest.RequestCacheAwareFilter@2681185e, org.springframework.security.web.servletapi.SecurityContextHolderAwareRequestFilter@f13e0a2, org.springframework.security.web.authentication.rememberme.RememberMeAuthenticationFilter@49654a35, org.springframework.security.web.authentication.AnonymousAuthenticationFilter@912a644, org.springframework.security.web.session.SessionManagementFilter@7c07023, org.springframework.security.web.access.ExceptionTranslationFilter@64921450, org.springframework.security.web.access.intercept.FilterSecurityInterceptor@e08d871]
2024-01-28 12:33:27.628  INFO 28780 --- [main] o.s.s.concurrent.ThreadPoolTaskExecutor  : Initializing ExecutorService 'applicationTaskExecutor'
2024-01-28 12:33:27.713  INFO 28780 --- [main] o.s.b.a.w.s.WelcomePageHandlerMapping    : Adding welcome page template: index
2024-01-28 12:33:28.128  INFO 28780 --- [main] o.s.b.w.embedded.tomcat.TomcatWebServer  : Tomcat started on port(s): 8080 (http) with context path '/ShopmeAdmin'
2024-01-28 12:33:28.135  INFO 28780 --- [main] c.shopme.admin.ShopmeBackEndApplication  : Started ShopmeBackEndApplication in 4.712 seconds (JVM running for 5.291)
2024-01-28 12:34:53.716  INFO 28780 --- [RMI TCP Connection(10)-127.0.0.1] inMXBeanRegistrar$SpringApplicationAdmin : Application shutdown requested.
2024-01-28 12:34:53.739  INFO 28780 --- [RMI TCP Connection(10)-127.0.0.1] o.s.s.concurrent.ThreadPoolTaskExecutor  : Shutting down ExecutorService 'applicationTaskExecutor'
2024-01-28 12:34:53.741  INFO 28780 --- [RMI TCP Connection(10)-127.0.0.1] j.LocalContainerEntityManagerFactoryBean : Closing JPA EntityManagerFactory for persistence unit 'default'
2024-01-28 12:34:53.743  INFO 28780 --- [RMI TCP Connection(10)-127.0.0.1] com.zaxxer.hikari.HikariDataSource       : HikariPool-1 - Shutdown initiated...
2024-01-28 12:34:53.751  INFO 28780 --- [RMI TCP Connection(10)-127.0.0.1] com.zaxxer.hikari.HikariDataSource       : HikariPool-1 - Shutdown completed.
2024-01-28 12:34:57.921  INFO 1436 --- [main] c.shopme.admin.ShopmeBackEndApplication  : Starting ShopmeBackEndApplication using Java 17.0.9 on LAPTOP-SFN6PPMV with PID 1436 (C:\Project\java\ShopmeEcommerce\ShopmeProject\ShopmeWebParent\ShopmeBackEnd\target\classes started by meiou in C:\Project\java\ShopmeEcommerce\ShopmeProject\ShopmeWebParent\ShopmeBackEnd)
2024-01-28 12:34:57.923  INFO 1436 --- [main] c.shopme.admin.ShopmeBackEndApplication  : No active profile set, falling back to default profiles: default
2024-01-28 12:34:58.480  INFO 1436 --- [main] .s.d.r.c.RepositoryConfigurationDelegate : Bootstrapping Spring Data JPA repositories in DEFAULT mode.
2024-01-28 12:34:58.528  INFO 1436 --- [main] .s.d.r.c.RepositoryConfigurationDelegate : Finished Spring Data repository scanning in 40 ms. Found 2 JPA repository interfaces.
2024-01-28 12:34:58.986  INFO 1436 --- [main] o.s.b.w.embedded.tomcat.TomcatWebServer  : Tomcat initialized with port(s): 8080 (http)
2024-01-28 12:34:58.996  INFO 1436 --- [main] o.apache.catalina.core.StandardService   : Starting service [Tomcat]
2024-01-28 12:34:58.996  INFO 1436 --- [main] org.apache.catalina.core.StandardEngine  : Starting Servlet engine: [Apache Tomcat/9.0.41]
2024-01-28 12:34:59.114  INFO 1436 --- [main] o.a.c.c.C.[.[localhost].[/ShopmeAdmin]   : Initializing Spring embedded WebApplicationContext
2024-01-28 12:34:59.115  INFO 1436 --- [main] w.s.c.ServletWebServerApplicationContext : Root WebApplicationContext: initialization completed in 1148 ms
2024-01-28 12:34:59.285  INFO 1436 --- [main] o.hibernate.jpa.internal.util.LogHelper  : HHH000204: Processing PersistenceUnitInfo [name: default]
2024-01-28 12:34:59.333  INFO 1436 --- [main] org.hibernate.Version                    : HHH000412: Hibernate ORM core version 5.4.25.Final
2024-01-28 12:34:59.463  INFO 1436 --- [main] o.hibernate.annotations.common.Version   : HCANN000001: Hibernate Commons Annotations {5.1.2.Final}
2024-01-28 12:34:59.563  INFO 1436 --- [main] com.zaxxer.hikari.HikariDataSource       : HikariPool-1 - Starting...
2024-01-28 12:34:59.707  INFO 1436 --- [main] com.zaxxer.hikari.HikariDataSource       : HikariPool-1 - Start completed.
2024-01-28 12:34:59.721  INFO 1436 --- [main] org.hibernate.dialect.Dialect            : HHH000400: Using dialect: org.hibernate.dialect.MySQL5Dialect
2024-01-28 12:35:00.417  INFO 1436 --- [main] o.h.e.t.j.p.i.JtaPlatformInitiator       : HHH000490: Using JtaPlatform implementation: [org.hibernate.engine.transaction.jta.platform.internal.NoJtaPlatform]
2024-01-28 12:35:00.427  INFO 1436 --- [main] j.LocalContainerEntityManagerFactoryBean : Initialized JPA EntityManagerFactory for persistence unit 'default'
2024-01-28 12:35:00.490  WARN 1436 --- [main] JpaBaseConfiguration$JpaWebConfiguration : spring.jpa.open-in-view is enabled by default. Therefore, database queries may be performed during view rendering. Explicitly configure spring.jpa.open-in-view to disable this warning
2024-01-28 12:35:00.987  INFO 1436 --- [main] o.s.s.web.DefaultSecurityFilterChain     : Will secure Ant [pattern='/images/**'] with []
2024-01-28 12:35:00.988  INFO 1436 --- [main] o.s.s.web.DefaultSecurityFilterChain     : Will secure Ant [pattern='/js/**'] with []
2024-01-28 12:35:00.988  INFO 1436 --- [main] o.s.s.web.DefaultSecurityFilterChain     : Will secure Ant [pattern='/webjars/**'] with []
2024-01-28 12:35:01.019  INFO 1436 --- [main] o.s.s.web.DefaultSecurityFilterChain     : Will secure any request with [org.springframework.security.web.context.request.async.WebAsyncManagerIntegrationFilter@7772ec28, org.springframework.security.web.context.SecurityContextPersistenceFilter@151d216e, org.springframework.security.web.header.HeaderWriterFilter@23cfdfa2, org.springframework.security.web.csrf.CsrfFilter@46051269, org.springframework.security.web.authentication.logout.LogoutFilter@396c1228, org.springframework.security.web.authentication.UsernamePasswordAuthenticationFilter@6130a6f5, org.springframework.security.web.savedrequest.RequestCacheAwareFilter@5400db7e, org.springframework.security.web.servletapi.SecurityContextHolderAwareRequestFilter@40d04cf8, org.springframework.security.web.authentication.rememberme.RememberMeAuthenticationFilter@4e35a219, org.springframework.security.web.authentication.AnonymousAuthenticationFilter@14d513ca, org.springframework.security.web.session.SessionManagementFilter@4880a9d, org.springframework.security.web.access.ExceptionTranslationFilter@1a73f3d1, org.springframework.security.web.access.intercept.FilterSecurityInterceptor@1a22c1ba]
2024-01-28 12:35:01.109  INFO 1436 --- [main] o.s.s.concurrent.ThreadPoolTaskExecutor  : Initializing ExecutorService 'applicationTaskExecutor'
2024-01-28 12:35:01.200  INFO 1436 --- [main] o.s.b.a.w.s.WelcomePageHandlerMapping    : Adding welcome page template: index
2024-01-28 12:35:01.605  INFO 1436 --- [main] o.s.b.w.embedded.tomcat.TomcatWebServer  : Tomcat started on port(s): 8080 (http) with context path '/ShopmeAdmin'
2024-01-28 12:35:01.614  INFO 1436 --- [main] c.shopme.admin.ShopmeBackEndApplication  : Started ShopmeBackEndApplication in 4.042 seconds (JVM running for 4.644)
2024-01-28 12:37:40.334  INFO 1436 --- [RMI TCP Connection(12)-127.0.0.1] inMXBeanRegistrar$SpringApplicationAdmin : Application shutdown requested.
2024-01-28 12:37:40.376  INFO 1436 --- [RMI TCP Connection(12)-127.0.0.1] o.s.s.concurrent.ThreadPoolTaskExecutor  : Shutting down ExecutorService 'applicationTaskExecutor'
2024-01-28 12:37:40.379  INFO 1436 --- [RMI TCP Connection(12)-127.0.0.1] j.LocalContainerEntityManagerFactoryBean : Closing JPA EntityManagerFactory for persistence unit 'default'
2024-01-28 12:37:40.382  INFO 1436 --- [RMI TCP Connection(12)-127.0.0.1] com.zaxxer.hikari.HikariDataSource       : HikariPool-1 - Shutdown initiated...
2024-01-28 12:37:40.391  INFO 1436 --- [RMI TCP Connection(12)-127.0.0.1] com.zaxxer.hikari.HikariDataSource       : HikariPool-1 - Shutdown completed.
2024-01-28 12:37:43.896  INFO 26804 --- [main] c.shopme.admin.ShopmeBackEndApplication  : Starting ShopmeBackEndApplication using Java 17.0.9 on LAPTOP-SFN6PPMV with PID 26804 (C:\Project\java\ShopmeEcommerce\ShopmeProject\ShopmeWebParent\ShopmeBackEnd\target\classes started by meiou in C:\Project\java\ShopmeEcommerce\ShopmeProject\ShopmeWebParent\ShopmeBackEnd)
2024-01-28 12:37:43.898  INFO 26804 --- [main] c.shopme.admin.ShopmeBackEndApplication  : No active profile set, falling back to default profiles: default
2024-01-28 12:37:44.482  INFO 26804 --- [main] .s.d.r.c.RepositoryConfigurationDelegate : Bootstrapping Spring Data JPA repositories in DEFAULT mode.
2024-01-28 12:37:44.531  INFO 26804 --- [main] .s.d.r.c.RepositoryConfigurationDelegate : Finished Spring Data repository scanning in 42 ms. Found 2 JPA repository interfaces.
2024-01-28 12:37:44.970  INFO 26804 --- [main] o.s.b.w.embedded.tomcat.TomcatWebServer  : Tomcat initialized with port(s): 8080 (http)
2024-01-28 12:37:44.979  INFO 26804 --- [main] o.apache.catalina.core.StandardService   : Starting service [Tomcat]
2024-01-28 12:37:44.980  INFO 26804 --- [main] org.apache.catalina.core.StandardEngine  : Starting Servlet engine: [Apache Tomcat/9.0.41]
2024-01-28 12:37:45.059  INFO 26804 --- [main] o.a.c.c.C.[.[localhost].[/ShopmeAdmin]   : Initializing Spring embedded WebApplicationContext
2024-01-28 12:37:45.060  INFO 26804 --- [main] w.s.c.ServletWebServerApplicationContext : Root WebApplicationContext: initialization completed in 1121 ms
2024-01-28 12:37:45.230  INFO 26804 --- [main] o.hibernate.jpa.internal.util.LogHelper  : HHH000204: Processing PersistenceUnitInfo [name: default]
2024-01-28 12:37:45.275  INFO 26804 --- [main] org.hibernate.Version                    : HHH000412: Hibernate ORM core version 5.4.25.Final
2024-01-28 12:37:45.396  INFO 26804 --- [main] o.hibernate.annotations.common.Version   : HCANN000001: Hibernate Commons Annotations {5.1.2.Final}
2024-01-28 12:37:45.489  INFO 26804 --- [main] com.zaxxer.hikari.HikariDataSource       : HikariPool-1 - Starting...
2024-01-28 12:37:45.636  INFO 26804 --- [main] com.zaxxer.hikari.HikariDataSource       : HikariPool-1 - Start completed.
2024-01-28 12:37:45.649  INFO 26804 --- [main] org.hibernate.dialect.Dialect            : HHH000400: Using dialect: org.hibernate.dialect.MySQL5Dialect
2024-01-28 12:37:46.294  INFO 26804 --- [main] o.h.e.t.j.p.i.JtaPlatformInitiator       : HHH000490: Using JtaPlatform implementation: [org.hibernate.engine.transaction.jta.platform.internal.NoJtaPlatform]
2024-01-28 12:37:46.303  INFO 26804 --- [main] j.LocalContainerEntityManagerFactoryBean : Initialized JPA EntityManagerFactory for persistence unit 'default'
2024-01-28 12:37:46.359  WARN 26804 --- [main] JpaBaseConfiguration$JpaWebConfiguration : spring.jpa.open-in-view is enabled by default. Therefore, database queries may be performed during view rendering. Explicitly configure spring.jpa.open-in-view to disable this warning
2024-01-28 12:37:46.850  INFO 26804 --- [main] o.s.s.web.DefaultSecurityFilterChain     : Will secure Ant [pattern='/images/**'] with []
2024-01-28 12:37:46.850  INFO 26804 --- [main] o.s.s.web.DefaultSecurityFilterChain     : Will secure Ant [pattern='/js/**'] with []
2024-01-28 12:37:46.850  INFO 26804 --- [main] o.s.s.web.DefaultSecurityFilterChain     : Will secure Ant [pattern='/webjars/**'] with []
2024-01-28 12:37:46.880  INFO 26804 --- [main] o.s.s.web.DefaultSecurityFilterChain     : Will secure any request with [org.springframework.security.web.context.request.async.WebAsyncManagerIntegrationFilter@a08e41b, org.springframework.security.web.context.SecurityContextPersistenceFilter@40d04cf8, org.springframework.security.web.header.HeaderWriterFilter@73905dff, org.springframework.security.web.csrf.CsrfFilter@630e5010, org.springframework.security.web.authentication.logout.LogoutFilter@1bcf2c64, org.springframework.security.web.authentication.UsernamePasswordAuthenticationFilter@34ab398b, org.springframework.security.web.savedrequest.RequestCacheAwareFilter@152d2a58, org.springframework.security.web.servletapi.SecurityContextHolderAwareRequestFilter@13ae87a6, org.springframework.security.web.authentication.rememberme.RememberMeAuthenticationFilter@6173863f, org.springframework.security.web.authentication.AnonymousAuthenticationFilter@e08d871, org.springframework.security.web.session.SessionManagementFilter@5d67bf4d, org.springframework.security.web.access.ExceptionTranslationFilter@76eee0b1, org.springframework.security.web.access.intercept.FilterSecurityInterceptor@7772ec28]
2024-01-28 12:37:46.961  INFO 26804 --- [main] o.s.s.concurrent.ThreadPoolTaskExecutor  : Initializing ExecutorService 'applicationTaskExecutor'
2024-01-28 12:37:47.044  INFO 26804 --- [main] o.s.b.a.w.s.WelcomePageHandlerMapping    : Adding welcome page template: index
2024-01-28 12:37:47.437  INFO 26804 --- [main] o.s.b.w.embedded.tomcat.TomcatWebServer  : Tomcat started on port(s): 8080 (http) with context path '/ShopmeAdmin'
2024-01-28 12:37:47.444  INFO 26804 --- [main] c.shopme.admin.ShopmeBackEndApplication  : Started ShopmeBackEndApplication in 3.895 seconds (JVM running for 4.465)
2024-01-28 12:44:00.463  INFO 26804 --- [RMI TCP Connection(16)-127.0.0.1] inMXBeanRegistrar$SpringApplicationAdmin : Application shutdown requested.
2024-01-28 12:44:00.501  INFO 26804 --- [RMI TCP Connection(16)-127.0.0.1] o.s.s.concurrent.ThreadPoolTaskExecutor  : Shutting down ExecutorService 'applicationTaskExecutor'
2024-01-28 12:44:00.503  INFO 26804 --- [RMI TCP Connection(16)-127.0.0.1] j.LocalContainerEntityManagerFactoryBean : Closing JPA EntityManagerFactory for persistence unit 'default'
2024-01-28 12:44:00.506  INFO 26804 --- [RMI TCP Connection(16)-127.0.0.1] com.zaxxer.hikari.HikariDataSource       : HikariPool-1 - Shutdown initiated...
2024-01-28 12:44:00.513  INFO 26804 --- [RMI TCP Connection(16)-127.0.0.1] com.zaxxer.hikari.HikariDataSource       : HikariPool-1 - Shutdown completed.
2024-01-28 12:44:02.547  INFO 16864 --- [main] c.shopme.admin.ShopmeBackEndApplication  : Starting ShopmeBackEndApplication using Java 17.0.9 on LAPTOP-SFN6PPMV with PID 16864 (C:\Project\java\ShopmeEcommerce\ShopmeProject\ShopmeWebParent\ShopmeBackEnd\target\classes started by meiou in C:\Project\java\ShopmeEcommerce\ShopmeProject\ShopmeWebParent\ShopmeBackEnd)
2024-01-28 12:44:02.550  INFO 16864 --- [main] c.shopme.admin.ShopmeBackEndApplication  : No active profile set, falling back to default profiles: default
2024-01-28 12:44:03.079  INFO 16864 --- [main] .s.d.r.c.RepositoryConfigurationDelegate : Bootstrapping Spring Data JPA repositories in DEFAULT mode.
2024-01-28 12:44:03.128  INFO 16864 --- [main] .s.d.r.c.RepositoryConfigurationDelegate : Finished Spring Data repository scanning in 42 ms. Found 2 JPA repository interfaces.
2024-01-28 12:44:03.598  INFO 16864 --- [main] o.s.b.w.embedded.tomcat.TomcatWebServer  : Tomcat initialized with port(s): 8080 (http)
2024-01-28 12:44:03.608  INFO 16864 --- [main] o.apache.catalina.core.StandardService   : Starting service [Tomcat]
2024-01-28 12:44:03.608  INFO 16864 --- [main] org.apache.catalina.core.StandardEngine  : Starting Servlet engine: [Apache Tomcat/9.0.41]
2024-01-28 12:44:03.689  INFO 16864 --- [main] o.a.c.c.C.[.[localhost].[/ShopmeAdmin]   : Initializing Spring embedded WebApplicationContext
2024-01-28 12:44:03.689  INFO 16864 --- [main] w.s.c.ServletWebServerApplicationContext : Root WebApplicationContext: initialization completed in 1100 ms
2024-01-28 12:44:03.867  INFO 16864 --- [main] o.hibernate.jpa.internal.util.LogHelper  : HHH000204: Processing PersistenceUnitInfo [name: default]
2024-01-28 12:44:03.917  INFO 16864 --- [main] org.hibernate.Version                    : HHH000412: Hibernate ORM core version 5.4.25.Final
2024-01-28 12:44:04.040  INFO 16864 --- [main] o.hibernate.annotations.common.Version   : HCANN000001: Hibernate Commons Annotations {5.1.2.Final}
2024-01-28 12:44:04.132  INFO 16864 --- [main] com.zaxxer.hikari.HikariDataSource       : HikariPool-1 - Starting...
2024-01-28 12:44:04.271  INFO 16864 --- [main] com.zaxxer.hikari.HikariDataSource       : HikariPool-1 - Start completed.
2024-01-28 12:44:04.284  INFO 16864 --- [main] org.hibernate.dialect.Dialect            : HHH000400: Using dialect: org.hibernate.dialect.MySQL5Dialect
2024-01-28 12:44:04.996  INFO 16864 --- [main] o.h.e.t.j.p.i.JtaPlatformInitiator       : HHH000490: Using JtaPlatform implementation: [org.hibernate.engine.transaction.jta.platform.internal.NoJtaPlatform]
2024-01-28 12:44:05.006  INFO 16864 --- [main] j.LocalContainerEntityManagerFactoryBean : Initialized JPA EntityManagerFactory for persistence unit 'default'
2024-01-28 12:44:05.065  WARN 16864 --- [main] JpaBaseConfiguration$JpaWebConfiguration : spring.jpa.open-in-view is enabled by default. Therefore, database queries may be performed during view rendering. Explicitly configure spring.jpa.open-in-view to disable this warning
2024-01-28 12:44:05.570  INFO 16864 --- [main] o.s.s.web.DefaultSecurityFilterChain     : Will secure Ant [pattern='/images/**'] with []
2024-01-28 12:44:05.570  INFO 16864 --- [main] o.s.s.web.DefaultSecurityFilterChain     : Will secure Ant [pattern='/js/**'] with []
2024-01-28 12:44:05.571  INFO 16864 --- [main] o.s.s.web.DefaultSecurityFilterChain     : Will secure Ant [pattern='/webjars/**'] with []
2024-01-28 12:44:05.599  INFO 16864 --- [main] o.s.s.web.DefaultSecurityFilterChain     : Will secure any request with [org.springframework.security.web.context.request.async.WebAsyncManagerIntegrationFilter@64a4739, org.springframework.security.web.context.SecurityContextPersistenceFilter@1701beb3, org.springframework.security.web.header.HeaderWriterFilter@2681185e, org.springframework.security.web.csrf.CsrfFilter@76eee0b1, org.springframework.security.web.authentication.logout.LogoutFilter@9fd3b61, org.springframework.security.web.authentication.UsernamePasswordAuthenticationFilter@912a644, org.springframework.security.web.savedrequest.RequestCacheAwareFilter@4c599679, org.springframework.security.web.servletapi.SecurityContextHolderAwareRequestFilter@b5bddfe, org.springframework.security.web.authentication.rememberme.RememberMeAuthenticationFilter@2748bd6c, org.springframework.security.web.authentication.AnonymousAuthenticationFilter@7ab3f194, org.springframework.security.web.session.SessionManagementFilter@3a012678, org.springframework.security.web.access.ExceptionTranslationFilter@774189d0, org.springframework.security.web.access.intercept.FilterSecurityInterceptor@32f54c2a]
2024-01-28 12:44:05.682  INFO 16864 --- [main] o.s.s.concurrent.ThreadPoolTaskExecutor  : Initializing ExecutorService 'applicationTaskExecutor'
2024-01-28 12:44:05.760  INFO 16864 --- [main] o.s.b.a.w.s.WelcomePageHandlerMapping    : Adding welcome page template: index
2024-01-28 12:44:06.145  INFO 16864 --- [main] o.s.b.w.embedded.tomcat.TomcatWebServer  : Tomcat started on port(s): 8080 (http) with context path '/ShopmeAdmin'
2024-01-28 12:44:06.152  INFO 16864 --- [main] c.shopme.admin.ShopmeBackEndApplication  : Started ShopmeBackEndApplication in 3.945 seconds (JVM running for 4.528)
2024-01-28 12:48:27.490  INFO 16864 --- [RMI TCP Connection(14)-127.0.0.1] inMXBeanRegistrar$SpringApplicationAdmin : Application shutdown requested.
2024-01-28 12:48:27.513  INFO 16864 --- [RMI TCP Connection(14)-127.0.0.1] o.s.s.concurrent.ThreadPoolTaskExecutor  : Shutting down ExecutorService 'applicationTaskExecutor'
2024-01-28 12:48:27.514  INFO 16864 --- [RMI TCP Connection(14)-127.0.0.1] j.LocalContainerEntityManagerFactoryBean : Closing JPA EntityManagerFactory for persistence unit 'default'
2024-01-28 12:48:27.516  INFO 16864 --- [RMI TCP Connection(14)-127.0.0.1] com.zaxxer.hikari.HikariDataSource       : HikariPool-1 - Shutdown initiated...
2024-01-28 12:48:27.524  INFO 16864 --- [RMI TCP Connection(14)-127.0.0.1] com.zaxxer.hikari.HikariDataSource       : HikariPool-1 - Shutdown completed.
2024-01-28 12:48:34.923  INFO 13252 --- [main] c.shopme.admin.ShopmeBackEndApplication  : Starting ShopmeBackEndApplication using Java 17.0.9 on LAPTOP-SFN6PPMV with PID 13252 (C:\Project\java\ShopmeEcommerce\ShopmeProject\ShopmeWebParent\ShopmeBackEnd\target\classes started by meiou in C:\Project\java\ShopmeEcommerce\ShopmeProject\ShopmeWebParent\ShopmeBackEnd)
2024-01-28 12:48:34.926  INFO 13252 --- [main] c.shopme.admin.ShopmeBackEndApplication  : No active profile set, falling back to default profiles: default
2024-01-28 12:48:35.490  INFO 13252 --- [main] .s.d.r.c.RepositoryConfigurationDelegate : Bootstrapping Spring Data JPA repositories in DEFAULT mode.
2024-01-28 12:48:35.538  INFO 13252 --- [main] .s.d.r.c.RepositoryConfigurationDelegate : Finished Spring Data repository scanning in 42 ms. Found 2 JPA repository interfaces.
2024-01-28 12:48:35.999  INFO 13252 --- [main] o.s.b.w.embedded.tomcat.TomcatWebServer  : Tomcat initialized with port(s): 8080 (http)
2024-01-28 12:48:36.010  INFO 13252 --- [main] o.apache.catalina.core.StandardService   : Starting service [Tomcat]
2024-01-28 12:48:36.010  INFO 13252 --- [main] org.apache.catalina.core.StandardEngine  : Starting Servlet engine: [Apache Tomcat/9.0.41]
2024-01-28 12:48:36.107  INFO 13252 --- [main] o.a.c.c.C.[.[localhost].[/ShopmeAdmin]   : Initializing Spring embedded WebApplicationContext
2024-01-28 12:48:36.108  INFO 13252 --- [main] w.s.c.ServletWebServerApplicationContext : Root WebApplicationContext: initialization completed in 1128 ms
2024-01-28 12:48:36.298  INFO 13252 --- [main] o.hibernate.jpa.internal.util.LogHelper  : HHH000204: Processing PersistenceUnitInfo [name: default]
2024-01-28 12:48:36.346  INFO 13252 --- [main] org.hibernate.Version                    : HHH000412: Hibernate ORM core version 5.4.25.Final
2024-01-28 12:48:36.479  INFO 13252 --- [main] o.hibernate.annotations.common.Version   : HCANN000001: Hibernate Commons Annotations {5.1.2.Final}
2024-01-28 12:48:36.588  INFO 13252 --- [main] com.zaxxer.hikari.HikariDataSource       : HikariPool-1 - Starting...
2024-01-28 12:48:36.739  INFO 13252 --- [main] com.zaxxer.hikari.HikariDataSource       : HikariPool-1 - Start completed.
2024-01-28 12:48:36.754  INFO 13252 --- [main] org.hibernate.dialect.Dialect            : HHH000400: Using dialect: org.hibernate.dialect.MySQL5Dialect
2024-01-28 12:48:37.440  INFO 13252 --- [main] o.h.e.t.j.p.i.JtaPlatformInitiator       : HHH000490: Using JtaPlatform implementation: [org.hibernate.engine.transaction.jta.platform.internal.NoJtaPlatform]
2024-01-28 12:48:37.451  INFO 13252 --- [main] j.LocalContainerEntityManagerFactoryBean : Initialized JPA EntityManagerFactory for persistence unit 'default'
2024-01-28 12:48:37.517  WARN 13252 --- [main] JpaBaseConfiguration$JpaWebConfiguration : spring.jpa.open-in-view is enabled by default. Therefore, database queries may be performed during view rendering. Explicitly configure spring.jpa.open-in-view to disable this warning
2024-01-28 12:48:38.028  INFO 13252 --- [main] o.s.s.web.DefaultSecurityFilterChain     : Will secure Ant [pattern='/images/**'] with []
2024-01-28 12:48:38.028  INFO 13252 --- [main] o.s.s.web.DefaultSecurityFilterChain     : Will secure Ant [pattern='/js/**'] with []
2024-01-28 12:48:38.029  INFO 13252 --- [main] o.s.s.web.DefaultSecurityFilterChain     : Will secure Ant [pattern='/webjars/**'] with []
2024-01-28 12:48:38.061  INFO 13252 --- [main] o.s.s.web.DefaultSecurityFilterChain     : Will secure any request with [org.springframework.security.web.context.request.async.WebAsyncManagerIntegrationFilter@245b0bd7, org.springframework.security.web.context.SecurityContextPersistenceFilter@41f5389f, org.springframework.security.web.header.HeaderWriterFilter@13ae87a6, org.springframework.security.web.csrf.CsrfFilter@1018f702, org.springframework.security.web.authentication.logout.LogoutFilter@b791e6e, org.springframework.security.web.authentication.UsernamePasswordAuthenticationFilter@66851aa5, org.springframework.security.web.savedrequest.RequestCacheAwareFilter@396c1228, org.springframework.security.web.servletapi.SecurityContextHolderAwareRequestFilter@4e7151b3, org.springframework.security.web.authentication.rememberme.RememberMeAuthenticationFilter@478cc5f1, org.springframework.security.web.authentication.AnonymousAuthenticationFilter@3bf41cd0, org.springframework.security.web.session.SessionManagementFilter@22c4354d, org.springframework.security.web.access.ExceptionTranslationFilter@7304ca87, org.springframework.security.web.access.intercept.FilterSecurityInterceptor@7e615c6a]
2024-01-28 12:48:38.152  INFO 13252 --- [main] o.s.s.concurrent.ThreadPoolTaskExecutor  : Initializing ExecutorService 'applicationTaskExecutor'
2024-01-28 12:48:38.240  INFO 13252 --- [main] o.s.b.a.w.s.WelcomePageHandlerMapping    : Adding welcome page template: index
2024-01-28 12:48:38.663  INFO 13252 --- [main] o.s.b.w.embedded.tomcat.TomcatWebServer  : Tomcat started on port(s): 8080 (http) with context path '/ShopmeAdmin'
2024-01-28 12:48:38.670  INFO 13252 --- [main] c.shopme.admin.ShopmeBackEndApplication  : Started ShopmeBackEndApplication in 4.099 seconds (JVM running for 4.778)
2024-01-28 12:51:15.150  INFO 13252 --- [http-nio-8080-exec-1] o.a.c.c.C.[.[localhost].[/ShopmeAdmin]   : Initializing Spring DispatcherServlet 'dispatcherServlet'
2024-01-28 12:51:15.150  INFO 13252 --- [http-nio-8080-exec-1] o.s.web.servlet.DispatcherServlet        : Initializing Servlet 'dispatcherServlet'
2024-01-28 12:51:15.152  INFO 13252 --- [http-nio-8080-exec-1] o.s.web.servlet.DispatcherServlet        : Completed initialization in 2 ms
2024-01-28 12:51:34.007 ERROR 13252 --- [http-nio-8080-exec-5] com.shopme.admin.FileUploadUtil          : Could not list directory: user-photos\27
2024-01-28 13:49:05.788  WARN 13252 --- [HikariPool-1 housekeeper] com.zaxxer.hikari.pool.HikariPool        : HikariPool-1 - Thread starvation or clock leap detected (housekeeper delta=2m28s218ms190µs700ns).
2024-01-28 14:16:25.645  INFO 13252 --- [RMI TCP Connection(95)-127.0.0.1] inMXBeanRegistrar$SpringApplicationAdmin : Application shutdown requested.
2024-01-28 14:16:25.717  INFO 13252 --- [RMI TCP Connection(95)-127.0.0.1] o.s.s.concurrent.ThreadPoolTaskExecutor  : Shutting down ExecutorService 'applicationTaskExecutor'
2024-01-28 14:16:25.720  INFO 13252 --- [RMI TCP Connection(95)-127.0.0.1] j.LocalContainerEntityManagerFactoryBean : Closing JPA EntityManagerFactory for persistence unit 'default'
2024-01-28 14:16:25.733  INFO 13252 --- [RMI TCP Connection(95)-127.0.0.1] com.zaxxer.hikari.HikariDataSource       : HikariPool-1 - Shutdown initiated...
2024-01-28 14:16:25.737  INFO 13252 --- [RMI TCP Connection(95)-127.0.0.1] com.zaxxer.hikari.HikariDataSource       : HikariPool-1 - Shutdown completed.
